--------------------------------------------------------------------------
[[22950,1],38]: A high-performance Open MPI point-to-point messaging module
was unable to find any relevant network interfaces:

Module: OpenFabrics (openib)
  Host: eb231-hpc

Another transport will be used instead, although this may result in
lower performance.

NOTE: You can disable this warning by setting the MCA parameter
btl_base_warn_component_unused to 0.
--------------------------------------------------------------------------
ERROR: Invalid command-line argument (../lammps.cpp:271)
-------------------------------------------------------
Primary job  terminated normally, but 1 process returned
a non-zero exit code.. Per user-direction, the job has been aborted.
-------------------------------------------------------
--------------------------------------------------------------------------
mpirun detected that one or more processes exited with non-zero status, thus causing
the job to be terminated. The first process to do so was:

  Process name: [[22950,1],1]
  Exit code:    1
--------------------------------------------------------------------------
[eb231-hpc:65055] 47 more processes have sent help message help-mpi-btl-base.txt / btl:no-nics
[eb231-hpc:65055] Set MCA parameter "orte_base_help_aggregate" to 0 to see all help / error messages
--------------------------------------------------------------------------
[[22681,1],38]: A high-performance Open MPI point-to-point messaging module
was unable to find any relevant network interfaces:

Module: OpenFabrics (openib)
  Host: eb231-hpc

Another transport will be used instead, although this may result in
lower performance.

NOTE: You can disable this warning by setting the MCA parameter
btl_base_warn_component_unused to 0.
--------------------------------------------------------------------------
LIGGGHTS (Version LIGGGHTS-PUBLIC 3.8.0, compiled 2021-08-18-09:08:54 by murphyc, git commit 78f1a0277ef1f4f8ec5be8ad2f9715aa0ca5796c)
Created orthogonal box = (0.09 0 0) to (2 1 0.13)
  8 by 6 by 1 MPI processor grid

Reading STL file '../meshes/conveyor1in3.stl' (mesh processing step 1/3) 

Reading STL file '../meshes/conveyor1in3.stl' (mesh processing step 1/3) 

Reading STL file '../meshes/conveyor1in3.stl' (mesh processing step 1/3) 

Reading STL file '../meshes/conveyor1in3.stl' (mesh processing step 1/3) 

Reading STL file '../meshes/wallreal.stl' (mesh processing step 1/3) 
Calculating the properties of the given template.
   Depending on ntry, this may take a while...
WARNING: particledistribution/discrete: sum of distribution weights != 1, normalizing distribution (../fix_particledistribution_discrete.cpp:135)
Fix particledistribution/discrete (id pdd1): distribution based on mass%:
    pts1: d=2.510551e-02 (max. bounding sphere) mass%=100.000000%
Fix particledistribution/discrete (id pdd1): distribution based on number%:
    pts1: d=2.510551e-02 (max. bounding sphere) number%=100.000000%
Setting up run at Tue Nov  2 11:47:02 2021

Import and parallelization of mesh belt1 containing 7138 triangle(s) successful
Import and parallelization of mesh belt2 containing 7138 triangle(s) successful
Import and parallelization of mesh belt3 containing 7138 triangle(s) successful
Import and parallelization of mesh belt4 containing 7138 triangle(s) successful
Import and parallelization of mesh wall containing 596 triangle(s) successful
WARNING: Energy calculated for multisphere particles is currently not correct (../fix_multisphere.cpp:1312)
INFO: Resetting random generator for region bc
INFO: Particle insertion ins: inserting every 1000 steps
Memory usage per processor = 23.5311 Mbytes
    Step    Atoms         KinEng              1         Volume 
       0        0              0              0      1.3889348 
insertion: proc 42 at 0 %
insertion: proc 45 at 0 %
insertion: proc 42 at 10 %
insertion: proc 43 at 0 %
insertion: proc 44 at 0 %
insertion: proc 45 at 10 %
insertion: proc 42 at 20 %
insertion: proc 36 at 0 %
insertion: proc 43 at 10 %
insertion: proc 44 at 10 %
insertion: proc 42 at 30 %
insertion: proc 45 at 20 %
insertion: proc 39 at 0 %
insertion: proc 44 at 20 %
insertion: proc 36 at 10 %
insertion: proc 45 at 30 %
insertion: proc 43 at 20 %
insertion: proc 37 at 0 %
insertion: proc 38 at 0 %
insertion: proc 42 at 40 %
insertion: proc 39 at 10 %
insertion: proc 36 at 20 %
insertion: proc 44 at 30 %
insertion: proc 43 at 30 %
insertion: proc 45 at 40 %
insertion: proc 37 at 10 %
insertion: proc 38 at 10 %
insertion: proc 39 at 20 %
insertion: proc 42 at 50 %
insertion: proc 36 at 30 %
insertion: proc 44 at 40 %
insertion: proc 43 at 40 %
insertion: proc 39 at 30 %
insertion: proc 38 at 20 %
insertion: proc 37 at 20 %
insertion: proc 45 at 50 %
insertion: proc 36 at 40 %
insertion: proc 39 at 40 %
insertion: proc 42 at 60 %
insertion: proc 38 at 30 %
insertion: proc 37 at 30 %
insertion: proc 44 at 50 %
insertion: proc 43 at 50 %
insertion: proc 36 at 50 %
insertion: proc 38 at 40 %
insertion: proc 39 at 50 %
insertion: proc 37 at 40 %
insertion: proc 36 at 60 %
insertion: proc 38 at 50 %
insertion: proc 37 at 50 %
insertion: proc 39 at 60 %
insertion: proc 38 at 60 %
insertion: proc 37 at 60 %
INFO: Particle insertion ins: inserted 6066 particle templates (mass 8.209746e+00) at step 1
 - a total of 6066 particle templates (mass 8.209746e+00) inserted so far.
WARNING: Particle insertion: Less insertions than requested (../fix_insert.cpp:814)
[eb231-hpc:65312] 47 more processes have sent help message help-mpi-btl-base.txt / btl:no-nics
[eb231-hpc:65312] Set MCA parameter "orte_base_help_aggregate" to 0 to see all help / error messages
    1000   424620      3.9464202              0      1.3889348 
insertion: proc 42 at 0 %
insertion: proc 45 at 0 %
insertion: proc 45 at 10 %
insertion: proc 42 at 10 %
insertion: proc 45 at 20 %
insertion: proc 42 at 20 %
insertion: proc 45 at 30 %
insertion: proc 44 at 0 %
insertion: proc 43 at 0 %
insertion: proc 45 at 40 %
insertion: proc 36 at 0 %
insertion: proc 45 at 50 %
insertion: proc 44 at 10 %
insertion: proc 39 at 0 %
insertion: proc 42 at 30 %
insertion: proc 39 at 10 %
insertion: proc 36 at 10 %
insertion: proc 39 at 20 %
insertion: proc 43 at 10 %
insertion: proc 39 at 30 %
insertion: proc 36 at 20 %
insertion: proc 45 at 60 %
insertion: proc 37 at 0 %
insertion: proc 38 at 0 %
insertion: proc 39 at 40 %
insertion: proc 36 at 30 %
insertion: proc 39 at 50 %
insertion: proc 44 at 20 %
insertion: proc 38 at 10 %
insertion: proc 37 at 10 %
insertion: proc 43 at 20 %
insertion: proc 39 at 60 %
insertion: proc 36 at 40 %
insertion: proc 39 at 70 %
insertion: proc 37 at 20 %
insertion: proc 38 at 20 %
INFO: Particle insertion ins: inserted 1576 particle templates (mass 2.132964e+00) at step 1001
 - a total of 7642 particle templates (mass 1.034271e+01) inserted so far.
WARNING: Particle insertion: Less insertions than requested (../fix_insert.cpp:814)
    2000   534940      9.6422639              0      1.3889348 
insertion: proc 45 at 0 %
insertion: proc 45 at 10 %
insertion: proc 42 at 0 %
insertion: proc 45 at 20 %
insertion: proc 42 at 10 %
insertion: proc 45 at 30 %
insertion: proc 42 at 20 %
insertion: proc 44 at 0 %
insertion: proc 45 at 40 %
insertion: proc 44 at 10 %
insertion: proc 43 at 0 %
insertion: proc 44 at 20 %
insertion: proc 42 at 30 %
insertion: proc 44 at 30 %
insertion: proc 45 at 50 %
insertion: proc 39 at 0 %
insertion: proc 43 at 10 %
insertion: proc 42 at 40 %
insertion: proc 39 at 10 %
insertion: proc 36 at 0 %
insertion: proc 39 at 20 %
insertion: proc 36 at 10 %
insertion: proc 44 at 40 %
insertion: proc 45 at 60 %
insertion: proc 39 at 30 %
insertion: proc 42 at 50 %
insertion: proc 38 at 0 %
insertion: proc 38 at 10 %
insertion: proc 37 at 0 %
insertion: proc 36 at 20 %
insertion: proc 39 at 40 %
insertion: proc 38 at 20 %
insertion: proc 44 at 50 %
insertion: proc 43 at 20 %
insertion: proc 38 at 30 %
insertion: proc 39 at 50 %
insertion: proc 37 at 10 %
insertion: proc 36 at 30 %
insertion: proc 38 at 40 %
insertion: proc 39 at 60 %
insertion: proc 38 at 50 %
insertion: proc 37 at 20 %
INFO: Particle insertion ins: inserted 2419 particle templates (mass 3.273883e+00) at step 2001
 - a total of 10061 particle templates (mass 1.361659e+01) inserted so far.
WARNING: Particle insertion: Less insertions than requested (../fix_insert.cpp:814)
    3000   704270      3.3386094              0      1.3889348 
insertion: proc 45 at 0 %
insertion: proc 45 at 10 %
insertion: proc 45 at 20 %
insertion: proc 45 at 30 %
insertion: proc 45 at 40 %
insertion: proc 44 at 0 %
insertion: proc 44 at 10 %
insertion: proc 42 at 0 %
insertion: proc 43 at 0 %
insertion: proc 45 at 50 %
insertion: proc 43 at 10 %
insertion: proc 44 at 20 %
insertion: proc 43 at 20 %
insertion: proc 43 at 30 %
insertion: proc 44 at 30 %
insertion: proc 43 at 40 %
insertion: proc 39 at 0 %
insertion: proc 43 at 50 %
insertion: proc 45 at 60 %
insertion: proc 39 at 10 %
insertion: proc 44 at 40 %
insertion: proc 39 at 20 %
insertion: proc 39 at 30 %
insertion: proc 43 at 60 %
insertion: proc 44 at 50 %
insertion: proc 39 at 40 %
insertion: proc 38 at 0 %
insertion: proc 43 at 70 %
insertion: proc 45 at 70 %
insertion: proc 36 at 0 %
insertion: proc 38 at 10 %
insertion: proc 38 at 20 %
insertion: proc 37 at 0 %
insertion: proc 43 at 80 %
insertion: proc 37 at 10 %
insertion: proc 39 at 50 %
insertion: proc 37 at 20 %
insertion: proc 38 at 30 %
insertion: proc 37 at 30 %
insertion: proc 44 at 60 %
insertion: proc 38 at 40 %
insertion: proc 39 at 60 %
insertion: proc 37 at 40 %
insertion: proc 43 at 90 %
insertion: proc 38 at 50 %
insertion: proc 37 at 50 %
insertion: proc 39 at 70 %
insertion: proc 38 at 60 %
insertion: proc 37 at 60 %
INFO: Particle insertion ins: inserted 2634 particle templates (mass 3.564865e+00) at step 3001
 - a total of 12695 particle templates (mass 1.718146e+01) inserted so far.
WARNING: Particle insertion: Less insertions than requested (../fix_insert.cpp:814)
    4000   888650      2.8303663              0      1.3889348 
insertion: proc 45 at 0 %
insertion: proc 45 at 10 %
insertion: proc 45 at 20 %
insertion: proc 45 at 30 %
insertion: proc 45 at 40 %
insertion: proc 45 at 50 %
insertion: proc 45 at 60 %
insertion: proc 44 at 0 %
insertion: proc 44 at 10 %
insertion: proc 45 at 70 %
insertion: proc 44 at 20 %
insertion: proc 44 at 30 %
insertion: proc 44 at 40 %
insertion: proc 45 at 80 %
insertion: proc 42 at 0 %
insertion: proc 44 at 50 %
insertion: proc 45 at 90 %
insertion: proc 44 at 60 %
insertion: proc 39 at 0 %
insertion: proc 39 at 10 %
insertion: proc 43 at 0 %
insertion: proc 44 at 70 %
insertion: proc 43 at 10 %
insertion: proc 39 at 20 %
insertion: proc 39 at 30 %
insertion: proc 45 at 100 %
insertion: proc 43 at 20 %
insertion: proc 44 at 80 %
insertion: proc 39 at 40 %
insertion: proc 39 at 50 %
insertion: proc 43 at 30 %
insertion: proc 39 at 60 %
insertion: proc 44 at 90 %
insertion: proc 39 at 70 %
insertion: proc 38 at 0 %
insertion: proc 38 at 10 %
insertion: proc 44 at 100 %
insertion: proc 36 at 0 %
insertion: proc 38 at 20 %
insertion: proc 39 at 80 %
insertion: proc 38 at 30 %
insertion: proc 38 at 40 %
insertion: proc 43 at 40 %
insertion: proc 38 at 50 %
insertion: proc 39 at 90 %
insertion: proc 38 at 60 %
insertion: proc 37 at 0 %
insertion: proc 38 at 70 %
insertion: proc 38 at 80 %
insertion: proc 38 at 90 %
insertion: proc 38 at 100 %
INFO: Particle insertion ins: inserted 1555 particle templates (mass 2.104542e+00) at step 4001
 - a total of 14250 particle templates (mass 1.928600e+01) inserted so far.
WARNING: Particle insertion: Less insertions than requested (../fix_insert.cpp:814)
    5000   997500      1.7298519              0      1.3889348 
insertion: proc 45 at 0 %
insertion: proc 45 at 10 %
insertion: proc 45 at 20 %
insertion: proc 45 at 30 %
insertion: proc 45 at 40 %
insertion: proc 45 at 50 %
insertion: proc 45 at 60 %
insertion: proc 45 at 70 %
insertion: proc 45 at 80 %
insertion: proc 45 at 90 %
insertion: proc 44 at 0 %
insertion: proc 44 at 10 %
insertion: proc 44 at 20 %
insertion: proc 44 at 30 %
insertion: proc 44 at 40 %
insertion: proc 42 at 0 %
insertion: proc 44 at 50 %
insertion: proc 44 at 60 %
insertion: proc 39 at 0 %
insertion: proc 44 at 70 %
insertion: proc 39 at 10 %
insertion: proc 39 at 20 %
insertion: proc 39 at 30 %
insertion: proc 44 at 80 %
insertion: proc 39 at 40 %
insertion: proc 39 at 50 %
insertion: proc 44 at 90 %
insertion: proc 39 at 60 %
insertion: proc 39 at 70 %
insertion: proc 44 at 100 %
insertion: proc 43 at 0 %
insertion: proc 39 at 80 %
insertion: proc 39 at 90 %
insertion: proc 39 at 100 %
insertion: proc 36 at 0 %
insertion: proc 38 at 0 %
insertion: proc 38 at 10 %
insertion: proc 38 at 20 %
insertion: proc 38 at 30 %
insertion: proc 38 at 40 %
insertion: proc 38 at 50 %
insertion: proc 38 at 60 %
insertion: proc 38 at 70 %
insertion: proc 38 at 80 %
insertion: proc 37 at 0 %
insertion: proc 38 at 90 %
insertion: proc 38 at 100 %
INFO: Particle insertion ins: inserted 1012 particle templates (mass 1.369644e+00) at step 5001
 - a total of 15262 particle templates (mass 2.065564e+01) inserted so far.
WARNING: Particle insertion: Less insertions than requested (../fix_insert.cpp:814)
    6000  1068340     0.62563042              0      1.3889348 
insertion: proc 45 at 0 %
insertion: proc 45 at 10 %
insertion: proc 45 at 20 %
insertion: proc 45 at 30 %
insertion: proc 45 at 40 %
insertion: proc 45 at 50 %
insertion: proc 45 at 60 %
insertion: proc 45 at 70 %
insertion: proc 45 at 80 %
insertion: proc 45 at 90 %
insertion: proc 39 at 0 %
insertion: proc 44 at 0 %
insertion: proc 44 at 10 %
insertion: proc 39 at 10 %
insertion: proc 44 at 20 %
insertion: proc 39 at 20 %
insertion: proc 42 at 0 %
insertion: proc 44 at 30 %
insertion: proc 39 at 30 %
insertion: proc 44 at 40 %
insertion: proc 44 at 50 %
insertion: proc 39 at 40 %
insertion: proc 44 at 60 %
insertion: proc 39 at 50 %
insertion: proc 44 at 70 %
insertion: proc 39 at 60 %
insertion: proc 44 at 80 %
insertion: proc 39 at 70 %
insertion: proc 44 at 90 %
insertion: proc 39 at 80 %
insertion: proc 44 at 100 %
insertion: proc 39 at 90 %
insertion: proc 43 at 0 %
insertion: proc 36 at 0 %
insertion: proc 38 at 0 %
insertion: proc 38 at 10 %
insertion: proc 38 at 20 %
insertion: proc 38 at 30 %
insertion: proc 38 at 40 %
insertion: proc 38 at 50 %
insertion: proc 38 at 60 %
insertion: proc 38 at 70 %
insertion: proc 37 at 0 %
insertion: proc 38 at 80 %
insertion: proc 38 at 90 %
insertion: proc 38 at 100 %
INFO: Particle insertion ins: inserted 706 particle templates (mass 9.555029e-01) at step 6001
 - a total of 15968 particle templates (mass 2.161115e+01) inserted so far.
WARNING: Particle insertion: Less insertions than requested (../fix_insert.cpp:814)
    7000  1117760     0.26128085              0      1.3889348 
insertion: proc 45 at 0 %
insertion: proc 45 at 10 %
insertion: proc 45 at 20 %
insertion: proc 45 at 30 %
insertion: proc 45 at 40 %
insertion: proc 45 at 50 %
insertion: proc 45 at 60 %
insertion: proc 45 at 70 %
insertion: proc 45 at 80 %
insertion: proc 45 at 90 %
insertion: proc 45 at 100 %
insertion: proc 39 at 0 %
insertion: proc 39 at 10 %
insertion: proc 39 at 20 %
insertion: proc 39 at 30 %
insertion: proc 39 at 40 %
insertion: proc 39 at 50 %
insertion: proc 39 at 60 %
insertion: proc 39 at 70 %
insertion: proc 42 at 0 %
insertion: proc 39 at 80 %
insertion: proc 39 at 90 %
insertion: proc 44 at 0 %
insertion: proc 44 at 10 %
insertion: proc 44 at 20 %
insertion: proc 44 at 30 %
insertion: proc 44 at 40 %
insertion: proc 44 at 50 %
insertion: proc 44 at 60 %
insertion: proc 44 at 70 %
insertion: proc 44 at 80 %
insertion: proc 44 at 90 %
insertion: proc 44 at 100 %
insertion: proc 43 at 0 %
insertion: proc 36 at 0 %
insertion: proc 38 at 0 %
insertion: proc 38 at 10 %
insertion: proc 38 at 20 %
insertion: proc 38 at 30 %
insertion: proc 37 at 0 %
insertion: proc 38 at 40 %
insertion: proc 38 at 50 %
insertion: proc 38 at 60 %
insertion: proc 38 at 70 %
insertion: proc 38 at 80 %
INFO: Particle insertion ins: inserted 461 particle templates (mass 6.239190e-01) at step 7001
 - a total of 16429 particle templates (mass 2.223507e+01) inserted so far.
WARNING: Particle insertion: Less insertions than requested (../fix_insert.cpp:814)
    8000  1150030     0.14806359              0      1.3889348 
insertion: proc 45 at 0 %
insertion: proc 45 at 10 %
insertion: proc 45 at 20 %
insertion: proc 45 at 30 %
insertion: proc 45 at 40 %
insertion: proc 45 at 50 %
insertion: proc 45 at 60 %
insertion: proc 45 at 70 %
insertion: proc 45 at 80 %
insertion: proc 45 at 90 %
insertion: proc 45 at 100 %
insertion: proc 45 at 110 %
insertion: proc 45 at 120 %
insertion: proc 39 at 0 %
insertion: proc 39 at 10 %
insertion: proc 39 at 20 %
insertion: proc 39 at 30 %
insertion: proc 39 at 40 %
insertion: proc 39 at 50 %
insertion: proc 39 at 60 %
insertion: proc 39 at 70 %
insertion: proc 39 at 80 %
insertion: proc 39 at 90 %
insertion: proc 42 at 0 %
insertion: proc 44 at 0 %
insertion: proc 44 at 10 %
insertion: proc 44 at 20 %
insertion: proc 44 at 30 %
insertion: proc 44 at 40 %
insertion: proc 44 at 50 %
insertion: proc 44 at 60 %
insertion: proc 44 at 70 %
insertion: proc 44 at 80 %
insertion: proc 44 at 90 %
insertion: proc 44 at 100 %
insertion: proc 44 at 110 %
insertion: proc 43 at 0 %
insertion: proc 36 at 0 %
insertion: proc 38 at 0 %
insertion: proc 38 at 10 %
insertion: proc 37 at 0 %
insertion: proc 38 at 20 %
insertion: proc 38 at 30 %
INFO: Particle insertion ins: inserted 235 particle templates (mass 3.180498e-01) at step 8001
 - a total of 16664 particle templates (mass 2.255312e+01) inserted so far.
WARNING: Particle insertion: Less insertions than requested (../fix_insert.cpp:814)
    9000  1166480    0.079774861              0      1.3889348 
insertion: proc 45 at 0 %
insertion: proc 45 at 10 %
insertion: proc 45 at 20 %
insertion: proc 45 at 30 %
insertion: proc 45 at 40 %
insertion: proc 45 at 50 %
insertion: proc 45 at 60 %
insertion: proc 45 at 70 %
insertion: proc 45 at 80 %
insertion: proc 45 at 90 %
insertion: proc 45 at 100 %
insertion: proc 39 at 0 %
insertion: proc 39 at 10 %
insertion: proc 39 at 20 %
insertion: proc 39 at 30 %
insertion: proc 39 at 40 %
insertion: proc 39 at 50 %
insertion: proc 39 at 60 %
insertion: proc 39 at 70 %
insertion: proc 39 at 80 %
insertion: proc 39 at 90 %
insertion: proc 39 at 100 %
insertion: proc 42 at 0 %
insertion: proc 44 at 0 %
insertion: proc 44 at 10 %
insertion: proc 44 at 20 %
insertion: proc 44 at 30 %
insertion: proc 44 at 40 %
insertion: proc 44 at 50 %
insertion: proc 44 at 60 %
insertion: proc 44 at 70 %
insertion: proc 44 at 80 %
insertion: proc 44 at 90 %
insertion: proc 44 at 100 %
insertion: proc 44 at 110 %
insertion: proc 44 at 120 %
insertion: proc 43 at 0 %
insertion: proc 36 at 0 %
insertion: proc 38 at 0 %
insertion: proc 37 at 0 %
insertion: proc 38 at 10 %
insertion: proc 38 at 20 %
INFO: Particle insertion ins: inserted 173 particle templates (mass 2.341388e-01) at step 9001
 - a total of 16837 particle templates (mass 2.278725e+01) inserted so far.
WARNING: Particle insertion: Less insertions than requested (../fix_insert.cpp:814)
   10000  1178590    0.062243205              0      1.3889348 
Loop time of 2350.13 on 48 procs for 10000 steps with 1178590 atoms, finish time Tue Nov  2 12:26:13 2021


Pair  time (%) = 49.747 (2.11678)
Neigh time (%) = 71.5512 (3.04457)
Comm  time (%) = 13.3268 (0.567065)
Outpt time (%) = 1.78233 (0.0758396)
Other time (%) = 2213.72 (94.1957)

Nlocal:    24554 ave 310389 max 0 min
Histogram: 42 0 1 2 0 0 0 0 0 3
Nghost:    6142.96 ave 86645 max 0 min
Histogram: 41 1 0 2 0 3 0 0 0 1
Neighs:    241557 ave 3.14776e+06 max 0 min
Histogram: 42 0 1 2 0 0 0 0 2 1

Total # of neighbors = 11594741
Ave neighs/atom = 9.83781
Neighbor list builds = 1063
Dangerous builds = 0
Setting up run at Tue Nov  2 12:26:13 2021

WARNING: Energy calculated for multisphere particles is currently not correct (../fix_multisphere.cpp:1312)
Memory usage per processor = 41.4644 Mbytes
    Step    Atoms         KinEng              1         Volume 
   10000  1178590    0.062243205              0      1.3889348 
   11000  1178590    0.025136493              0      1.3885308 
   12000  1178590    0.033875214              0      1.3881285 
   13000  1178590    0.028471781              0      1.3877237 
   14000  1178590    0.037342368              0      1.3873193 
   15000  1178590    0.040342706              0      1.3869165 
Loop time of 1331.79 on 48 procs for 5000 steps with 1178590 atoms, finish time Tue Nov  2 12:48:26 2021


Pair  time (%) = 39.0074 (2.92894)
Neigh time (%) = 32.7517 (2.45923)
Comm  time (%) = 6.09897 (0.457953)
Outpt time (%) = 1.04601 (0.0785417)
Other time (%) = 1252.89 (94.0753)

Nlocal:    24554 ave 310745 max 0 min
Histogram: 42 0 1 2 0 0 0 0 0 3
Nghost:    6014.44 ave 86498 max 0 min
Histogram: 41 1 0 2 1 2 0 0 0 1
Neighs:    238658 ave 3.13255e+06 max 0 min
Histogram: 42 0 1 2 0 0 0 0 1 2

Total # of neighbors = 11455601
Ave neighs/atom = 9.71975
Neighbor list builds = 358
Dangerous builds = 0
